<?xml version="1.0" encoding="UTF-8"?>
<!-- Generated by org.testng.reporters.JUnitReportReporter -->
<testsuite hostname="VJ-ThinkVersion" failures="0" tests="1" name="execution.TicketStatus" time="0.002" errors="0" timestamp="2023-05-12T07:39:34 IST" skipped="0">
  <testcase classname="execution.TicketStatus" name="ServiceStatus" time="0.002"/>
  <system-out/>
</testsuite> <!-- execution.TicketStatus -->
