<?xml version="1.0" encoding="UTF-8"?>
<!-- Generated by org.testng.reporters.JUnitReportReporter -->
<testsuite hostname="VJ-ThinkVersion" failures="0" tests="1" name="execution.Registration" time="0.019" errors="0" timestamp="2023-05-12T07:39:34 IST" skipped="0">
  <testcase classname="execution.Registration" name="SuccessfulRegis" time="0.019"/>
  <system-out/>
</testsuite> <!-- execution.Registration -->
