<?xml version="1.0" encoding="UTF-8"?>
<!-- Generated by org.testng.reporters.JUnitReportReporter -->
<testsuite hostname="VJ-ThinkVersion" failures="0" tests="1" name="test.TrackTicketsModule" time="0.006" errors="0" timestamp="2023-05-12T07:39:34 IST" skipped="0">
  <testcase classname="test.TrackTicketsModule" name="TrackService" time="0.006"/>
  <system-out/>
</testsuite> <!-- test.TrackTicketsModule -->
