<?xml version="1.0" encoding="UTF-8"?>
<!-- Generated by org.testng.reporters.JUnitReportReporter -->
<testsuite hostname="VJ-ThinkVersion" failures="0" tests="1" name="execution15.HomeModuleTest" time="0.003" errors="0" timestamp="2023-05-09T07:35:58 IST" skipped="0">
  <testcase classname="execution15.HomeModuleTest" name="Searchbuses" time="0.003"/>
  <system-out/>
</testsuite> <!-- execution15.HomeModuleTest -->
