<?xml version="1.0" encoding="UTF-8"?>
<!-- Generated by org.testng.reporters.JUnitReportReporter -->
<testsuite hostname="VJ-ThinkVersion" failures="0" tests="2" name="execution15.LoginModule15Test" time="1.803" errors="0" timestamp="2023-05-11T07:15:05 IST" skipped="0">
  <testcase classname="execution15.LoginModule15Test" name="ForgetPassword" time="1.112"/>
  <system-out/>
  <testcase classname="execution15.LoginModule15Test" name="NegativeLoginValidation" time="0.691"/>
  <system-out/>
</testsuite> <!-- execution15.LoginModule15Test -->
