<?xml version="1.0" encoding="UTF-8"?>
<!-- Generated by org.testng.reporters.JUnitReportReporter -->
<testsuite hostname="VJ-ThinkVersion" failures="0" tests="1" name="execution15.LoginModule15Test" time="0.978" errors="0" timestamp="2023-05-19T07:14:48 IST" skipped="0">
  <testcase classname="execution15.LoginModule15Test" name="ForgetPassword" time="0.978"/>
  <system-out/>
</testsuite> <!-- execution15.LoginModule15Test -->
