<?xml version="1.0" encoding="UTF-8"?>
<!-- Generated by org.testng.reporters.JUnitReportReporter -->
<testsuite hostname="VJ-ThinkVersion" failures="0" tests="2" name="execution15.RegistrationModuleTest" time="4.561" errors="0" timestamp="2023-05-19T07:14:48 IST" skipped="0">
  <testcase classname="execution15.RegistrationModuleTest" name="NegativeValidFullname" time="2.348"/>
  <system-out/>
  <testcase classname="execution15.RegistrationModuleTest" name="NegativeValidMobileNum" time="2.213"/>
  <system-out/>
</testsuite> <!-- execution15.RegistrationModuleTest -->
